#
# There is insufficient memory for the Java Runtime Environment to continue.
# Native memory allocation (malloc) failed to allocate 1048576 bytes for AllocateHeap
# Possible reasons:
#   The system is out of physical RAM or swap space
#   In 32 bit mode, the process size limit was hit
# Possible solutions:
#   Reduce memory load on the system
#   Increase physical memory or swap space
#   Check if swap backing store is full
#   Use 64 bit Java on a 64 bit OS
#   Decrease Java heap size (-Xmx/-Xms)
#   Decrease number of Java threads
#   Decrease Java thread stack sizes (-Xss)
#   Set larger code cache with -XX:ReservedCodeCacheSize=
# This output file may be truncated or incomplete.
#
#  Out of Memory Error (memory/allocation.inline.hpp:61), pid=17180, tid=0x0000000000003934
#
# JRE version:  (8.0_101-b13) (build )
# Java VM: Java HotSpot(TM) 64-Bit Server VM (25.101-b13 mixed mode windows-amd64 compressed oops)
# Failed to write core dump. Minidumps are not enabled by default on client versions of Windows
#

---------------  T H R E A D  ---------------

Current thread (0x00000000029a0800):  JavaThread "Unknown thread" [_thread_in_vm, id=14644, stack(0x0000000002820000,0x0000000002920000)]

Stack: [0x0000000002820000,0x0000000002920000]
[error occurred during error reporting (printing stack bounds), id 0xc0000005]

Native frames: (J=compiled Java code, j=interpreted, Vv=VM code, C=native code)


---------------  P R O C E S S  ---------------

Java Threads: ( => current thread )

Other Threads:

=>0x00000000029a0800 (exited) JavaThread "Unknown thread" [_thread_in_vm, id=14644, stack(0x0000000002820000,0x0000000002920000)]

VM state:not at safepoint (normal execution)

VM Mutex/Monitor currently owned by a thread: None

Heap:
 PSYoungGen      total 38400K, used 665K [0x00000000d5d80000, 0x00000000d8800000, 0x0000000100000000)
  eden space 33280K, 2% used [0x00000000d5d80000,0x00000000d5e26670,0x00000000d7e00000)
  from space 5120K, 0% used [0x00000000d8300000,0x00000000d8300000,0x00000000d8800000)
  to   space 5120K, 0% used [0x00000000d7e00000,0x00000000d7e00000,0x00000000d8300000)
 ParOldGen       total 87552K, used 0K [0x0000000081800000, 0x0000000086d80000, 0x00000000d5d80000)
  object space 87552K, 0% used [0x0000000081800000,0x0000000081800000,0x0000000086d80000)
 Metaspace       used 783K, capacity 1092K, committed 1152K, reserved 1060864K
  class space    used 75K, capacity 384K, committed 384K, reserved 1048576K

Card table byte_map: [0x0000000011e60000,0x0000000012260000] byte_map_base: 0x0000000011a54000

Marking Bits: (ParMarkBitMap*) 0x000000005381a6d0
 Begin Bits: [0x0000000012910000, 0x00000000148b0000)
 End Bits:   [0x00000000148b0000, 0x0000000016850000)

Polling page: 0x0000000000ff0000

CodeCache: size=245760Kb used=328Kb max_used=328Kb free=245431Kb
 bounds [0x0000000002aa0000, 0x0000000002d10000, 0x0000000011aa0000]
 total_blobs=58 nmethods=0 adapters=38
 compilation: enabled

Compilation events (0 events):
No events

GC Heap History (0 events):
No events

Deoptimization events (0 events):
No events

Internal exceptions (0 events):
No events

Events (10 events):
Event: 0.035 loading class java/lang/Short
Event: 0.035 loading class java/lang/Short done
Event: 0.035 loading class java/lang/Integer
Event: 0.035 loading class java/lang/Integer done
Event: 0.035 loading class java/lang/Long
Event: 0.036 loading class java/lang/Long done
Event: 0.036 loading class java/lang/NullPointerException
Event: 0.036 loading class java/lang/NullPointerException done
Event: 0.036 loading class java/lang/ArithmeticException
Event: 0.036 loading class java/lang/ArithmeticException done


Dynamic libraries:
0x00007ff76c840000 - 0x00007ff76c877000 	C:\Program Files\Java\jdk1.8.0_101\bin\javaw.exe
0x00007ffba8ce0000 - 0x00007ffba8ea2000 	C:\Windows\SYSTEM32\ntdll.dll
0x00007ffba6820000 - 0x00007ffba68cd000 	C:\Windows\system32\KERNEL32.DLL
0x00007ffba5960000 - 0x00007ffba5b3d000 	C:\Windows\system32\KERNELBASE.dll
0x00007ffba89c0000 - 0x00007ffba8a66000 	C:\Windows\system32\ADVAPI32.dll
0x00007ffba6750000 - 0x00007ffba67ed000 	C:\Windows\system32\msvcrt.dll
0x00007ffba8810000 - 0x00007ffba886b000 	C:\Windows\system32\sechost.dll
0x00007ffba64f0000 - 0x00007ffba6616000 	C:\Windows\system32\RPCRT4.dll
0x00007ffba63a0000 - 0x00007ffba64ee000 	C:\Windows\system32\USER32.dll
0x00007ffba68d0000 - 0x00007ffba6a55000 	C:\Windows\system32\GDI32.dll
0x00007ffb8d3a0000 - 0x00007ffb8d614000 	C:\Windows\WinSxS\amd64_microsoft.windows.common-controls_6595b64144ccf1df_6.0.10240.17184_none_f41d7a705752bce6\COMCTL32.dll
0x00007ffba6a60000 - 0x00007ffba6a96000 	C:\Windows\system32\IMM32.DLL
0x00007ffba7fe0000 - 0x00007ffba813c000 	C:\Windows\system32\MSCTF.dll
0x0000000052e40000 - 0x0000000052f12000 	C:\Program Files\Java\jdk1.8.0_101\jre\bin\msvcr100.dll
0x0000000053000000 - 0x000000005389a000 	C:\Program Files\Java\jdk1.8.0_101\jre\bin\server\jvm.dll
0x00007ffba8a70000 - 0x00007ffba8a78000 	C:\Windows\system32\PSAPI.DLL
0x00007ffba2330000 - 0x00007ffba2339000 	C:\Windows\SYSTEM32\WSOCK32.dll
0x00007ffba8b60000 - 0x00007ffba8bc9000 	C:\Windows\system32\WS2_32.dll
0x00007ffba6810000 - 0x00007ffba6818000 	C:\Windows\system32\NSI.dll
0x00007ffba3c60000 - 0x00007ffba3c83000 	C:\Windows\SYSTEM32\WINMM.dll
0x00007ffb9a500000 - 0x00007ffb9a50a000 	C:\Windows\SYSTEM32\VERSION.dll
0x00007ffba3c30000 - 0x00007ffba3c5c000 	C:\Windows\SYSTEM32\WINMMBASE.dll
0x00007ffba57a0000 - 0x00007ffba57e4000 	C:\Windows\system32\cfgmgr32.dll
0x00007ffba4080000 - 0x00007ffba40a7000 	C:\Windows\SYSTEM32\DEVOBJ.dll
0x0000000052ff0000 - 0x0000000052fff000 	C:\Program Files\Java\jdk1.8.0_101\jre\bin\verify.dll
0x0000000052fc0000 - 0x0000000052fe9000 	C:\Program Files\Java\jdk1.8.0_101\jre\bin\java.dll
0x0000000052fa0000 - 0x0000000052fb6000 	C:\Program Files\Java\jdk1.8.0_101\jre\bin\zip.dll

VM Arguments:
jvm_args: -Dfile.encoding=Cp1252 
java_command: Launcher
java_class_path (initial): C:\Users\Antoine Croisille\Documents\EclispeProjects\Pandocreon_Divinae\bin
Launcher Type: SUN_STANDARD

Environment Variables:
PATH=C:/Program Files/Java/jdk1.8.0_101/jre/bin/server;C:/Program Files/Java/jdk1.8.0_101/jre/bin;C:/Program Files/Java/jdk1.8.0_101/jre/lib/amd64;C:\ProgramData\Oracle\Java\javapath;C:\Program Files (x86)\Intel\iCLS Client\;C:\Program Files\Intel\iCLS Client\;C:\Windows\system32;C:\Windows;C:\Windows\System32\Wbem;C:\Windows\System32\WindowsPowerShell\v1.0\;C:\Program Files (x86)\Intel\Intel(R) Management Engine Components\DAL;C:\Program Files\Intel\Intel(R) Management Engine Components\DAL;C:\Program Files (x86)\Intel\Intel(R) Management Engine Components\IPT;C:\Program Files\Intel\Intel(R) Management Engine Components\IPT;C:\Program Files (x86)\NVIDIA Corporation\PhysX\Common;C:\Program Files\Intel\WiFi\bin\;C:\Program Files\Common Files\Intel\WirelessCommon\;C:\Program Files (x86)\Skype\Phone\;C:\Windows\system32\config\systemprofile\.dnx\bin;C:\Program Files\Microsoft DNX\Dnvm\;C:\Program Files\Microsoft SQL Server\120\Tools\Binn\;C:\Program Files\Microsoft SQL Server\130\Tools\Binn\;C:\Program Files (x86)\svn-win32-1.8.9\bin;C:\Program Files (x86)\Brackets\command;C:\Program Files\nodejs\;C:\Users\Antoine Croisille\AppData\Roaming\npm;C:\Program Files\Java\jdk1.8.0_101\bin;C:\Windows\system32;
USERNAME=Antoine Croisille
OS=Windows_NT
PROCESSOR_IDENTIFIER=Intel64 Family 6 Model 78 Stepping 3, GenuineIntel



---------------  S Y S T E M  ---------------

OS: Windows 10.0 , 64 bit Build 10240 (10.0.10240.17113)

CPU:total 4 (2 cores per cpu, 2 threads per core) family 6 model 78 stepping 3, cmov, cx8, fxsr, mmx, sse, sse2, sse3, ssse3, sse4.1, sse4.2, popcnt, avx, avx2, aes, clmul, erms, 3dnowpref, lzcnt, ht, tsc, tscinvbit, bmi1, bmi2, adx

Memory: 4k page, physical 8285024k(2299084k free), swap 33450848k(6160k free)

vm_info: Java HotSpot(TM) 64-Bit Server VM (25.101-b13) for windows-amd64 JRE (1.8.0_101-b13), built on Jun 22 2016 01:21:29 by "java_re" with MS VC++ 10.0 (VS2010)

time: Mon Dec 26 15:19:41 2016
elapsed time: 0 seconds (0d 0h 0m 0s)

